<?xml version="1.0" encoding="UTF-8"?>
<testng-results skipped="0" failed="0" ignored="0" total="1" passed="1">
  <reporter-output>
  </reporter-output>
  <suite name="Selenium Test Suite" duration-ms="51434" started-at="2021-11-09T18:08:56 EST" finished-at="2021-11-09T18:09:47 EST">
    <groups>
    </groups>
    <test name="Automation test" duration-ms="51434" started-at="2021-11-09T18:08:56 EST" finished-at="2021-11-09T18:09:47 EST">
      <class name="com.pnt.bdd.Runner">
        <test-method status="PASS" signature="setupClass()[pri:0, instance:com.pnt.bdd.Runner@5a8e6209]" name="setupClass" is-config="true" duration-ms="176" started-at="2021-11-09T18:08:56 EST" finished-at="2021-11-09T18:08:56 EST">
          <reporter-output>
          </reporter-output>
        </test-method> <!-- setupClass -->
        <test-method status="PASS" signature="feature(cucumber.api.testng.CucumberFeatureWrapper)[pri:0, instance:com.pnt.bdd.Runner@5a8e6209]" name="feature" duration-ms="51151" started-at="2021-11-09T18:08:56 EST" data-provider="features" finished-at="2021-11-09T18:09:47 EST">
          <params>
            <param index="0">
              <value>
                <![CDATA[Login functionality features]]>
              </value>
            </param>
          </params>
          <reporter-output>
          </reporter-output>
        </test-method> <!-- feature -->
        <test-method status="PASS" signature="tearDownClass()[pri:0, instance:com.pnt.bdd.Runner@5a8e6209]" name="tearDownClass" is-config="true" duration-ms="12" started-at="2021-11-09T18:09:47 EST" finished-at="2021-11-09T18:09:47 EST">
          <reporter-output>
          </reporter-output>
        </test-method> <!-- tearDownClass -->
        <test-method status="PASS" signature="generateReport()[pri:0, instance:com.pnt.bdd.Runner@5a8e6209]" name="generateReport" is-config="true" duration-ms="787" started-at="2021-11-09T18:09:47 EST" finished-at="2021-11-09T18:09:48 EST">
          <reporter-output>
          </reporter-output>
        </test-method> <!-- generateReport -->
      </class> <!-- com.pnt.bdd.Runner -->
    </test> <!-- Automation test -->
  </suite> <!-- Selenium Test Suite -->
</testng-results>
